<?xml version="1.0" encoding="UTF-8"?>
<!-- Generated by org.testng.reporters.JUnitReportReporter -->
<testsuite hostname="LAPTOP-BDUVLNVT" failures="0" tests="1" name="session5.Getreq" time="3.877" errors="0" timestamp="2024-01-24T12:53:19 IST" skipped="0">
  <testcase classname="session5.Getreq" name="test1" time="3.877"/>
  <system-out/>
</testsuite> <!-- session5.Getreq -->
