<?xml version="1.0" encoding="UTF-8"?>
<!-- Generated by org.testng.reporters.JUnitReportReporter -->
<testsuite hostname="LAPTOP-BDUVLNVT" failures="0" tests="2" name="session3.StatusLine_Validate" time="4.974" errors="0" timestamp="2024-01-01T16:29:41 IST" skipped="1">
  <testcase classname="session3.StatusLine_Validate" name="validateErrorStatus" time="4.974"/>
  <testcase classname="session3.StatusLine_Validate" name="validateStatusCode">
    <skipped/>
  </testcase> <!-- validateStatusCode -->
</testsuite> <!-- session3.StatusLine_Validate -->
