<?xml version="1.0" encoding="UTF-8"?>
<!-- Generated by org.testng.reporters.JUnitReportReporter -->
<testsuite hostname="LAPTOP-BDUVLNVT" failures="0" tests="2" name="session3.HeadersValidation" time="4.690" errors="0" timestamp="2024-01-01T16:50:48 IST" skipped="0">
  <testcase classname="session3.HeadersValidation" name="validateMultipleHeaders" time="0.314"/>
  <testcase classname="session3.HeadersValidation" name="validateHeader" time="4.376"/>
</testsuite> <!-- session3.HeadersValidation -->
