<?xml version="1.0" encoding="UTF-8"?>
<!-- Generated by org.testng.reporters.JUnitReportReporter -->
<testsuite hostname="LAPTOP-BDUVLNVT" failures="0" tests="1" name="session4.Authentication_Study" time="4.061" errors="0" timestamp="2024-01-04T16:46:59 IST" skipped="0">
  <testcase classname="session4.Authentication_Study" name="token" time="4.061"/>
</testsuite> <!-- session4.Authentication_Study -->
