<?xml version="1.0" encoding="UTF-8"?>
<!-- Generated by org.testng.reporters.JUnitReportReporter -->
<testsuite hostname="LAPTOP-BDUVLNVT" failures="0" tests="1" name="session4.QueryParameters_Study" time="2.940" errors="0" timestamp="2024-01-02T16:19:49 IST" skipped="0">
  <testcase classname="session4.QueryParameters_Study" name="f" time="2.940"/>
</testsuite> <!-- session4.QueryParameters_Study -->
