<?xml version="1.0" encoding="UTF-8"?>
<!-- Generated by org.testng.reporters.JUnitReportReporter -->
<testsuite hostname="LAPTOP-BDUVLNVT" failures="0" tests="1" name="session1.BasicHTTPRequest" time="5.292" errors="0" timestamp="2023-12-30T16:08:43 IST" skipped="0">
  <testcase classname="session1.BasicHTTPRequest" name="Test01" time="5.292"/>
</testsuite> <!-- session1.BasicHTTPRequest -->
