<?xml version="1.0" encoding="UTF-8"?>
<!-- Generated by org.testng.reporters.JUnitReportReporter -->
<testsuite hostname="LAPTOP-BDUVLNVT" failures="0" tests="1" name="crud_Operation.Session_4_PATCH" time="2.969" errors="0" timestamp="2023-12-30T17:08:35 IST" skipped="0">
  <testcase classname="crud_Operation.Session_4_PATCH" name="patchRequest" time="2.969"/>
</testsuite> <!-- crud_Operation.Session_4_PATCH -->
