<?xml version="1.0" encoding="UTF-8"?>
<!-- Generated by org.testng.reporters.JUnitReportReporter -->
<testsuite hostname="LAPTOP-BDUVLNVT" failures="0" tests="1" name="session1.BasicHTTPRequest" time="3.321" errors="0" timestamp="2024-01-24T17:23:28 IST" skipped="0">
  <testcase classname="session1.BasicHTTPRequest" name="Test01" time="3.321"/>
  <system-out/>
</testsuite> <!-- session1.BasicHTTPRequest -->
