<?xml version="1.0" encoding="UTF-8"?>
<!-- Generated by org.testng.reporters.JUnitReportReporter -->
<testsuite hostname="LAPTOP-BDUVLNVT" failures="0" tests="1" name="crud_Operation.Session_3_DELETE" time="3.120" errors="0" timestamp="2023-12-30T17:02:39 IST" skipped="0">
  <testcase classname="crud_Operation.Session_3_DELETE" name="deleteRequest" time="3.120"/>
</testsuite> <!-- crud_Operation.Session_3_DELETE -->
