<?xml version="1.0" encoding="UTF-8"?>
<!-- Generated by org.testng.reporters.JUnitReportReporter -->
<testsuite hostname="LAPTOP-BDUVLNVT" failures="0" tests="1" name="session3.JSONResponseBody" time="4.319" errors="0" timestamp="2024-01-01T17:11:00 IST" skipped="0">
  <testcase classname="session3.JSONResponseBody" name="validateResponse" time="4.319"/>
</testsuite> <!-- session3.JSONResponseBody -->
