<?xml version="1.0" encoding="UTF-8"?>
<!-- Generated by org.testng.reporters.JUnitReportReporter -->
<testsuite hostname="LAPTOP-BDUVLNVT" failures="0" tests="1" name="session6.day_1" time="4.272" errors="0" timestamp="2024-02-16T17:51:56 IST" skipped="0">
  <testcase classname="session6.day_1" name="test1" time="4.272"/>
  <system-out/>
</testsuite> <!-- session6.day_1 -->
