<?xml version="1.0" encoding="UTF-8"?>
<!-- Generated by org.testng.reporters.JUnitReportReporter -->
<testsuite hostname="LAPTOP-BDUVLNVT" failures="0" tests="1" name="crud_Operation.Query_Parameter" time="5.449" errors="0" timestamp="2023-12-30T16:28:40 IST" skipped="0">
  <testcase classname="crud_Operation.Query_Parameter" name="QueryParameter" time="5.449"/>
</testsuite> <!-- crud_Operation.Query_Parameter -->
