<?xml version="1.0" encoding="UTF-8"?>
<!-- Generated by org.testng.reporters.JUnitReportReporter -->
<testsuite hostname="LAPTOP-BDUVLNVT" failures="0" tests="1" name="crud_Operation.Session_1_POST" time="4.813" errors="0" timestamp="2023-12-30T16:47:50 IST" skipped="0">
  <testcase classname="crud_Operation.Session_1_POST" name="postRequest" time="4.813"/>
</testsuite> <!-- crud_Operation.Session_1_POST -->
