<?xml version="1.0" encoding="UTF-8"?>
<!-- Generated by org.testng.reporters.JUnitReportReporter -->
<testsuite hostname="LAPTOP-BDUVLNVT" failures="0" tests="4" name="session6.day_2" time="0.053" errors="0" timestamp="2024-02-18T17:51:26 IST" skipped="3">
  <testcase classname="session6.day_2" name="postRequestfile" time="0.053"/>
  <system-out/>
  <testcase classname="session6.day_2" name="postRequestUsingJsonObject">
    <skipped/>
  </testcase> <!-- postRequestUsingJsonObject -->
  <system-out/>
  <testcase classname="session6.day_2" name="postRequestPOJO">
    <skipped/>
  </testcase> <!-- postRequestPOJO -->
  <system-out/>
  <testcase classname="session6.day_2" name="postRequestUsingHashmap">
    <skipped/>
  </testcase> <!-- postRequestUsingHashmap -->
  <system-out/>
</testsuite> <!-- session6.day_2 -->
