<?xml version="1.0" encoding="UTF-8"?>
<!-- Generated by org.testng.reporters.JUnitReportReporter -->
<testsuite hostname="LAPTOP-BDUVLNVT" failures="0" tests="1" name="session5.PostReq" time="3.498" errors="0" timestamp="2024-01-24T12:37:18 IST" skipped="0">
  <testcase classname="session5.PostReq" name="test" time="3.498"/>
  <system-out/>
</testsuite> <!-- session5.PostReq -->
