<?xml version="1.0" encoding="UTF-8"?>
<!-- Generated by org.testng.reporters.JUnitReportReporter -->
<testsuite hostname="LAPTOP-BDUVLNVT" failures="0" tests="1" name="crud_Operation.Session_2_PUT" time="3.470" errors="0" timestamp="2023-12-30T16:58:39 IST" skipped="0">
  <testcase classname="crud_Operation.Session_2_PUT" name="putRequest" time="3.470"/>
</testsuite> <!-- crud_Operation.Session_2_PUT -->
