<?xml version="1.0" encoding="UTF-8"?>
<!-- Generated by org.testng.reporters.JUnitReportReporter -->
<testsuite hostname="LAPTOP-BDUVLNVT" failures="0" tests="1" name="session2.CRUD_1" time="4.297" errors="0" timestamp="2024-01-24T17:28:03 IST" skipped="0">
  <testcase classname="session2.CRUD_1" name="getRequest" time="4.297"/>
  <system-out/>
</testsuite> <!-- session2.CRUD_1 -->
