<?xml version="1.0" encoding="UTF-8"?>
<!-- Generated by org.testng.reporters.JUnitReportReporter -->
<testsuite hostname="LAPTOP-BDUVLNVT" failures="0" tests="1" name="crud_Operation.CRUD_1" time="6.031" errors="0" timestamp="2023-12-30T16:22:18 IST" skipped="0">
  <testcase classname="crud_Operation.CRUD_1" name="getRequest" time="6.031"/>
</testsuite> <!-- crud_Operation.CRUD_1 -->
