<?xml version="1.0" encoding="UTF-8"?>
<!-- Generated by org.testng.reporters.JUnitReportReporter -->
<testsuite hostname="LAPTOP-BDUVLNVT" failures="0" tests="1" name="session2.Query_Parameter" time="3.894" errors="0" timestamp="2024-01-24T17:31:40 IST" skipped="0">
  <testcase classname="session2.Query_Parameter" name="QueryParameter" time="3.894"/>
  <system-out/>
</testsuite> <!-- session2.Query_Parameter -->
